  framebuffer.cpp
  gui.cxx
C:\Users\piped\Desktop\08_27_Graphics_Pipeline\framebuffer.cpp(4,10): error C1083: Cannot open include file: 'GL.h': No such file or directory
C:\Users\piped\Desktop\08_27_Graphics_Pipeline\gui.cxx(26,3): error C2065: 'scene': undeclared identifier
C:\Users\piped\Desktop\08_27_Graphics_Pipeline\gui.cxx(35,3): error C2065: 'scene': undeclared identifier
C:\Users\piped\Desktop\08_27_Graphics_Pipeline\gui.cxx(39,3): error C2065: 'scene': undeclared identifier
  ppc.cpp
C:\Users\piped\Desktop\08_27_Graphics_Pipeline\ppc.h(13,5): error C2535: 'PPC::PPC(int,int,float)': member function already defined or declared
  (compiling source file 'ppc.cpp')
      C:\Users\piped\Desktop\08_27_Graphics_Pipeline\ppc.h(12,5):
      see declaration of 'PPC::PPC'
  
C:\Users\piped\Desktop\08_27_Graphics_Pipeline\ppc.cpp(4,6): error C2084: function 'PPC::PPC(int,int,float)' already has a body
      C:\Users\piped\Desktop\08_27_Graphics_Pipeline\ppc.h(12,5):
      see previous definition of 'PPC::PPC'
  
  raster.cpp
C:\Users\piped\Desktop\08_27_Graphics_Pipeline\ppc.h(13,5): error C2535: 'PPC::PPC(int,int,float)': member function already defined or declared
  (compiling source file 'raster.cpp')
      C:\Users\piped\Desktop\08_27_Graphics_Pipeline\ppc.h(12,5):
      see declaration of 'PPC::PPC'
  
C:\Users\piped\Desktop\08_27_Graphics_Pipeline\raster.cpp(43,22): error C2027: use of undefined type 'FrameBuffer'
      C:\Users\piped\Desktop\08_27_Graphics_Pipeline\raster.h(2,7):
      see declaration of 'FrameBuffer'
  
C:\Users\piped\Desktop\08_27_Graphics_Pipeline\raster.cpp(51,21): error C2027: use of undefined type 'FrameBuffer'
      C:\Users\piped\Desktop\08_27_Graphics_Pipeline\raster.h(2,7):
      see declaration of 'FrameBuffer'
  
C:\Users\piped\Desktop\08_27_Graphics_Pipeline\raster.cpp(52,17): error C2027: use of undefined type 'FrameBuffer'
      C:\Users\piped\Desktop\08_27_Graphics_Pipeline\raster.h(2,7):
      see declaration of 'FrameBuffer'
  
C:\Users\piped\Desktop\08_27_Graphics_Pipeline\raster.cpp(55,17): error C2027: use of undefined type 'FrameBuffer'
      C:\Users\piped\Desktop\08_27_Graphics_Pipeline\raster.h(2,7):
      see declaration of 'FrameBuffer'
  
  scene.cpp
C:\Users\piped\Desktop\08_27_Graphics_Pipeline\ppc.h(13,5): error C2535: 'PPC::PPC(int,int,float)': member function already defined or declared
  (compiling source file 'scene.cpp')
      C:\Users\piped\Desktop\08_27_Graphics_Pipeline\ppc.h(12,5):
      see declaration of 'PPC::PPC'
  
C:\Users\piped\Desktop\08_27_Graphics_Pipeline\scene.cpp(12,25): error C2027: use of undefined type 'FrameBuffer'
      C:\Users\piped\Desktop\08_27_Graphics_Pipeline\scene.h(4,7):
      see declaration of 'FrameBuffer'
  
C:\Users\piped\Desktop\08_27_Graphics_Pipeline\scene.cpp(13,31): error C2027: use of undefined type 'FrameBuffer'
      C:\Users\piped\Desktop\08_27_Graphics_Pipeline\scene.h(4,7):
      see declaration of 'FrameBuffer'
  
C:\Users\piped\Desktop\08_27_Graphics_Pipeline\scene.cpp(19,5): warning C4150: deletion of pointer to incomplete type 'FrameBuffer'; no destructor called
      C:\Users\piped\Desktop\08_27_Graphics_Pipeline\scene.h(4,7):
      see declaration of 'FrameBuffer'
  
C:\Users\piped\Desktop\08_27_Graphics_Pipeline\scene.cpp(19,16): warning C4150: deletion of pointer to incomplete type 'FrameBuffer'; no destructor called
      C:\Users\piped\Desktop\08_27_Graphics_Pipeline\scene.h(4,7):
      see declaration of 'FrameBuffer'
  
C:\Users\piped\Desktop\08_27_Graphics_Pipeline\scene.cpp(42,13): error C2027: use of undefined type 'FrameBuffer'
      C:\Users\piped\Desktop\08_27_Graphics_Pipeline\scene.h(4,7):
      see declaration of 'FrameBuffer'
  
C:\Users\piped\Desktop\08_27_Graphics_Pipeline\scene.cpp(43,28): error C2027: use of undefined type 'FrameBuffer'
      C:\Users\piped\Desktop\08_27_Graphics_Pipeline\scene.h(4,7):
      see declaration of 'FrameBuffer'
  
C:\Users\piped\Desktop\08_27_Graphics_Pipeline\scene.cpp(53,5): error C2027: use of undefined type 'FrameBuffer'
      C:\Users\piped\Desktop\08_27_Graphics_Pipeline\scene.h(4,7):
      see declaration of 'FrameBuffer'
  
C:\Users\piped\Desktop\08_27_Graphics_Pipeline\scene.cpp(60,5): error C2027: use of undefined type 'FrameBuffer'
      C:\Users\piped\Desktop\08_27_Graphics_Pipeline\scene.h(4,7):
      see declaration of 'FrameBuffer'
  
C:\Users\piped\Desktop\08_27_Graphics_Pipeline\scene.cpp(71,5): error C2027: use of undefined type 'FrameBuffer'
      C:\Users\piped\Desktop\08_27_Graphics_Pipeline\scene.h(4,7):
      see declaration of 'FrameBuffer'
  
C:\Users\piped\Desktop\08_27_Graphics_Pipeline\scene.cpp(72,24): error C2027: use of undefined type 'FrameBuffer'
      C:\Users\piped\Desktop\08_27_Graphics_Pipeline\scene.h(4,7):
      see declaration of 'FrameBuffer'
  
  Generating Code...
